/scratch/cs/imagedb/picsom/databases/vist/conda_vist/lib/python2.7/site-packages/h5py/__init__.py:36: FutureWarning: Conversion of the second argument of issubdtype from `float` to `np.floating` is deprecated. In future, it will be treated as `np.float64 == np.dtype(float).type`.
  from ._conv import register_converters as _register_converters
Using TensorFlow backend.
2018-06-04 13:01:27.927293: I tensorflow/core/platform/cpu_feature_guard.cc:140] Your CPU supports instructions that this TensorFlow binary was not compiled to use: AVX2 FMA
('num samples: ', 40155)
('train steps: ', 3089)
Found 400000 word vectors.
Found 400000 word vectors.
Epoch 1/1

   1/3089 [..............................] - ETA: 12:20:45 - loss: 9.1944
   2/3089 [..............................] - ETA: 10:40:18 - loss: 9.1713
   3/3089 [..............................] - ETA: 10:02:23 - loss: 9.1462
   4/3089 [..............................] - ETA: 9:49:04 - loss: 9.1116 
   5/3089 [..............................] - ETA: 9:39:04 - loss: 9.0766
   6/3089 [..............................] - ETA: 9:32:38 - loss: 9.0376
   7/3089 [..............................] - ETA: 9:28:03 - loss: 9.0054
   8/3089 [..............................] - ETA: 9:24:43 - loss: 8.9802
   9/3089 [..............................] - ETA: 9:22:09 - loss: 8.9486
  10/3089 [..............................] - ETA: 9:20:00 - loss: 8.9087
  11/3089 [..............................] - ETA: 9:18:08 - loss: 8.8822
  12/3089 [..............................] - ETA: 9:16:45 - loss: 8.8521
  13/3089 [..............................] - ETA: 9:15:13 - loss: 8.8213
  14/3089 [..............................] - ETA: 9:13:50 - loss: 8.7815
  15/3089 [..............................] - ETA: 9:12:41 - loss: 8.7467
  16/3089 [..............................] - ETA: 9:11:45 - loss: 8.7074
  17/3089 [..............................] - ETA: 9:10:53 - loss: 8.6693
  18/3089 [..............................] - ETA: 9:10:09 - loss: 8.6404
  19/3089 [..............................] - ETA: 9:09:34 - loss: 8.5994
  20/3089 [..............................] - ETA: 9:08:52 - loss: 8.5668
  21/3089 [..............................] - ETA: 9:08:13 - loss: 8.5310
  22/3089 [..............................] - ETA: 9:07:40 - loss: 8.4963
  23/3089 [..............................] - ETA: 9:07:15 - loss: 8.4539
  24/3089 [..............................] - ETA: 9:06:41 - loss: 8.4124
  25/3089 [..............................] - ETA: 9:06:06 - loss: 8.3782
  26/3089 [..............................] - ETA: 9:05:39 - loss: 8.3388
  27/3089 [..............................] - ETA: 9:05:13 - loss: 8.3025
  28/3089 [..............................] - ETA: 9:04:44 - loss: 8.2655
  29/3089 [..............................] - ETA: 9:04:24 - loss: 8.2286
  30/3089 [..............................] - ETA: 9:03:14 - loss: 8.1924
  31/3089 [..............................] - ETA: 9:01:49 - loss: 8.1545
  32/3089 [..............................] - ETA: 9:01:28 - loss: 8.1214
  33/3089 [..............................] - ETA: 9:01:07 - loss: 8.0815
  34/3089 [..............................] - ETA: 9:00:56 - loss: 8.0486
  35/3089 [..............................] - ETA: 9:00:41 - loss: 8.0176
  36/3089 [..............................] - ETA: 9:00:24 - loss: 7.9825
  37/3089 [..............................] - ETA: 9:00:06 - loss: 7.9455
  38/3089 [..............................] - ETA: 8:59:54 - loss: 7.9137
  39/3089 [..............................] - ETA: 8:59:54 - loss: 7.8792
  40/3089 [..............................] - ETA: 9:00:00 - loss: 7.8473
  41/3089 [..............................] - ETA: 8:59:43 - loss: 7.8145
  42/3089 [..............................] - ETA: 8:59:30 - loss: 7.7803
  43/3089 [..............................] - ETA: 8:59:14 - loss: 7.7480
  44/3089 [..............................] - ETA: 8:59:02 - loss: 7.7154
  45/3089 [..............................] - ETA: 8:58:48 - loss: 7.6848
  46/3089 [..............................] - ETA: 8:58:33 - loss: 7.6568
  47/3089 [..............................] - ETA: 8:58:17 - loss: 7.6269
  48/3089 [..............................] - ETA: 8:58:04 - loss: 7.6002
  49/3089 [..............................] - ETA: 8:57:50 - loss: 7.5751
  50/3089 [..............................] - ETA: 8:57:37 - loss: 7.5492
  51/3089 [..............................] - ETA: 8:57:23 - loss: 7.5227
  52/3089 [..............................] - ETA: 8:57:06 - loss: 7.4970
  53/3089 [..............................] - ETA: 8:56:53 - loss: 7.4698
  54/3089 [..............................] - ETA: 8:56:41 - loss: 7.4462
  55/3089 [..............................] - ETA: 8:56:28 - loss: 7.4237
  56/3089 [..............................] - ETA: 8:56:17 - loss: 7.3988
  57/3089 [..............................] - ETA: 8:56:02 - loss: 7.3761
  58/3089 [..............................] - ETA: 8:55:33 - loss: 7.3541
  59/3089 [..............................] - ETA: 8:55:00 - loss: 7.3326
  60/3089 [..............................] - ETA: 8:54:49 - loss: 7.3133
  61/3089 [..............................] - ETA: 8:54:39 - loss: 7.2916
  62/3089 [..............................] - ETA: 8:54:25 - loss: 7.2713
  63/3089 [..............................] - ETA: 8:54:11 - loss: 7.2524
  64/3089 [..............................] - ETA: 8:53:59 - loss: 7.2354
  65/3089 [..............................] - ETA: 8:53:47 - loss: 7.2155
  66/3089 [..............................] - ETA: 8:53:35 - loss: 7.1947
  67/3089 [..............................] - ETA: 8:53:24 - loss: 7.1740
  68/3089 [..............................] - ETA: 8:53:13 - loss: 7.1573
  69/3089 [..............................] - ETA: 8:53:01 - loss: 7.1386
  70/3089 [..............................] - ETA: 8:52:48 - loss: 7.1219
  71/3089 [..............................] - ETA: 8:52:35 - loss: 7.1053
  72/3089 [..............................] - ETA: 8:52:23 - loss: 7.0894
  73/3089 [..............................] - ETA: 8:52:13 - loss: 7.0732
  74/3089 [..............................] - ETA: 8:52:02 - loss: 7.0554
  75/3089 [..............................] - ETA: 8:51:50 - loss: 7.0390
  76/3089 [..............................] - ETA: 8:51:41 - loss: 7.0245
  77/3089 [..............................] - ETA: 8:51:28 - loss: 7.0105
  78/3089 [..............................] - ETA: 8:51:17 - loss: 6.9931
  79/3089 [..............................] - ETA: 8:51:05 - loss: 6.9808
  80/3089 [..............................] - ETA: 8:50:54 - loss: 6.9658
  81/3089 [..............................] - ETA: 8:50:41 - loss: 6.9536
  82/3089 [..............................] - ETA: 8:50:30 - loss: 6.9399
  83/3089 [..............................] - ETA: 8:50:19 - loss: 6.9279
  84/3089 [..............................] - ETA: 8:50:06 - loss: 6.9151
  85/3089 [..............................] - ETA: 8:49:53 - loss: 6.9024
  86/3089 [..............................] - ETA: 8:49:28 - loss: 6.8883
  87/3089 [..............................] - ETA: 8:49:14 - loss: 6.8770
  88/3089 [..............................] - ETA: 8:49:03 - loss: 6.8647
  89/3089 [..............................] - ETA: 8:48:51 - loss: 6.8548
  90/3089 [..............................] - ETA: 8:48:40 - loss: 6.8425
  91/3089 [..............................] - ETA: 8:48:28 - loss: 6.8300
  92/3089 [..............................] - ETA: 8:48:17 - loss: 6.8194
  93/3089 [..............................] - ETA: 8:48:05 - loss: 6.8077
  94/3089 [..............................] - ETA: 8:47:53 - loss: 6.7967
  95/3089 [..............................] - ETA: 8:47:41 - loss: 6.7863
  96/3089 [..............................] - ETA: 8:47:29 - loss: 6.7774
  97/3089 [..............................] - ETA: 8:47:16 - loss: 6.7670
  98/3089 [..............................] - ETA: 8:47:04 - loss: 6.7565
  99/3089 [..............................] - ETA: 8:46:54 - loss: 6.7468
 100/3089 [..............................] - ETA: 8:46:41 - loss: 6.7385
 101/3089 [..............................] - ETA: 8:46:29 - loss: 6.7294
 102/3089 [..............................] - ETA: 8:46:17 - loss: 6.7216
 103/3089 [>.............................] - ETA: 8:46:07 - loss: 6.7126
 104/3089 [>.............................] - ETA: 8:45:56 - loss: 6.7055
 105/3089 [>.............................] - ETA: 8:45:44 - loss: 6.6985
 106/3089 [>.............................] - ETA: 8:45:31 - loss: 6.6903
 107/3089 [>.............................] - ETA: 8:45:20 - loss: 6.6844
 108/3089 [>.............................] - ETA: 8:45:08 - loss: 6.6769
 109/3089 [>.............................] - ETA: 8:44:56 - loss: 6.6688
 110/3089 [>.............................] - ETA: 8:44:44 - loss: 6.6610
 111/3089 [>.............................] - ETA: 8:44:32 - loss: 6.6529
 112/3089 [>.............................] - ETA: 8:44:20 - loss: 6.6464
 113/3089 [>.............................] - ETA: 8:44:04 - loss: 6.6395
 114/3089 [>.............................] - ETA: 8:43:36 - loss: 6.6330
 115/3089 [>.............................] - ETA: 8:43:19 - loss: 6.6233
 116/3089 [>.............................] - ETA: 8:43:06 - loss: 6.6163
 117/3089 [>.............................] - ETA: 8:42:55 - loss: 6.6095
 118/3089 [>.............................] - ETA: 8:42:43 - loss: 6.6019
 119/3089 [>.............................] - ETA: 8:42:31 - loss: 6.5948
 120/3089 [>.............................] - ETA: 8:42:21 - loss: 6.5861
 121/3089 [>.............................] - ETA: 8:42:10 - loss: 6.5796
 122/3089 [>.............................] - ETA: 8:41:59 - loss: 6.5734
 123/3089 [>.............................] - ETA: 8:41:47 - loss: 6.5679
 124/3089 [>.............................] - ETA: 8:41:35 - loss: 6.5626
 125/3089 [>.............................] - ETA: 8:41:23 - loss: 6.5561
 126/3089 [>.............................] - ETA: 8:41:13 - loss: 6.5504
 127/3089 [>.............................] - ETA: 8:41:01 - loss: 6.5453
 128/3089 [>.............................] - ETA: 8:40:50 - loss: 6.5386
 129/3089 [>.............................] - ETA: 8:40:38 - loss: 6.5330
 130/3089 [>.............................] - ETA: 8:40:27 - loss: 6.5271
 131/3089 [>.............................] - ETA: 8:40:15 - loss: 6.5222
 132/3089 [>.............................] - ETA: 8:40:04 - loss: 6.5164
 133/3089 [>.............................] - ETA: 8:39:53 - loss: 6.5120
 134/3089 [>.............................] - ETA: 8:39:40 - loss: 6.5071
 135/3089 [>.............................] - ETA: 8:39:28 - loss: 6.5022
 136/3089 [>.............................] - ETA: 8:39:18 - loss: 6.4976
 137/3089 [>.............................] - ETA: 8:39:05 - loss: 6.4935
 138/3089 [>.............................] - ETA: 8:38:54 - loss: 6.4881
 139/3089 [>.............................] - ETA: 8:38:44 - loss: 6.4831
 140/3089 [>.............................] - ETA: 8:38:32 - loss: 6.4778
 141/3089 [>.............................] - ETA: 8:38:19 - loss: 6.4748
 142/3089 [>.............................] - ETA: 8:37:59 - loss: 6.4694
 143/3089 [>.............................] - ETA: 8:37:46 - loss: 6.4645
 144/3089 [>.............................] - ETA: 8:37:35 - loss: 6.4603
 145/3089 [>.............................] - ETA: 8:37:24 - loss: 6.4555
 146/3089 [>.............................] - ETA: 8:37:14 - loss: 6.4501
 147/3089 [>.............................] - ETA: 8:37:03 - loss: 6.4461
 148/3089 [>.............................] - ETA: 8:36:53 - loss: 6.4423
 149/3089 [>.............................] - ETA: 8:36:42 - loss: 6.4389
 150/3089 [>.............................] - ETA: 8:36:32 - loss: 6.4366
 151/3089 [>.............................] - ETA: 8:36:21 - loss: 6.4334
 152/3089 [>.............................] - ETA: 8:36:09 - loss: 6.4281
 153/3089 [>.............................] - ETA: 8:35:58 - loss: 6.4227
 154/3089 [>.............................] - ETA: 8:35:48 - loss: 6.4192
 155/3089 [>.............................] - ETA: 8:35:37 - loss: 6.4159
 156/3089 [>.............................] - ETA: 8:35:26 - loss: 6.4119
 157/3089 [>.............................] - ETA: 8:35:16 - loss: 6.4083
 158/3089 [>.............................] - ETA: 8:35:04 - loss: 6.4038
 159/3089 [>.............................] - ETA: 8:34:54 - loss: 6.4004
 160/3089 [>.............................] - ETA: 8:34:44 - loss: 6.3962
 161/3089 [>.............................] - ETA: 8:34:33 - loss: 6.3921
 162/3089 [>.............................] - ETA: 8:34:22 - loss: 6.3888
 163/3089 [>.............................] - ETA: 8:34:13 - loss: 6.3840
 164/3089 [>.............................] - ETA: 8:34:02 - loss: 6.3800
 165/3089 [>.............................] - ETA: 8:33:51 - loss: 6.3769
 166/3089 [>.............................] - ETA: 8:33:39 - loss: 6.3731
 167/3089 [>.............................] - ETA: 8:33:29 - loss: 6.3702
 168/3089 [>.............................] - ETA: 8:33:18 - loss: 6.3670
 169/3089 [>.............................] - ETA: 8:33:05 - loss: 6.3638
 170/3089 [>.............................] - ETA: 8:32:44 - loss: 6.3603
 171/3089 [>.............................] - ETA: 8:32:31 - loss: 6.3571
 172/3089 [>.............................] - ETA: 8:32:20 - loss: 6.3541
 173/3089 [>.............................] - ETA: 8:32:10 - loss: 6.3507
 174/3089 [>.............................] - ETA: 8:32:00 - loss: 6.3466
 175/3089 [>.............................] - ETA: 8:31:50 - loss: 6.3435
 176/3089 [>.............................] - ETA: 8:31:39 - loss: 6.3412
 177/3089 [>.............................] - ETA: 8:31:28 - loss: 6.3384
 178/3089 [>.............................] - ETA: 8:31:17 - loss: 6.3350
 179/3089 [>.............................] - ETA: 8:31:07 - loss: 6.3334
 180/3089 [>.............................] - ETA: 8:30:56 - loss: 6.3318
 181/3089 [>.............................] - ETA: 8:30:45 - loss: 6.3285
 182/3089 [>.............................] - ETA: 8:30:35 - loss: 6.3250
 183/3089 [>.............................] - ETA: 8:30:23 - loss: 6.3218
 184/3089 [>.............................] - ETA: 8:30:11 - loss: 6.3189
 185/3089 [>.............................] - ETA: 8:30:01 - loss: 6.3157
 186/3089 [>.............................] - ETA: 8:29:50 - loss: 6.3124
 187/3089 [>.............................] - ETA: 8:29:39 - loss: 6.3098
 188/3089 [>.............................] - ETA: 8:29:29 - loss: 6.3070
 189/3089 [>.............................] - ETA: 8:29:18 - loss: 6.3049
 190/3089 [>.............................] - ETA: 8:29:08 - loss: 6.3027
 191/3089 [>.............................] - ETA: 8:28:58 - loss: 6.3001
 192/3089 [>.............................] - ETA: 8:28:47 - loss: 6.2974
 193/3089 [>.............................] - ETA: 8:28:37 - loss: 6.2941
 194/3089 [>.............................] - ETA: 8:28:26 - loss: 6.2919
 195/3089 [>.............................] - ETA: 8:28:15 - loss: 6.2893
 196/3089 [>.............................] - ETA: 8:28:04 - loss: 6.2869
 197/3089 [>.............................] - ETA: 8:27:54 - loss: 6.2844
 198/3089 [>.............................] - ETA: 8:27:36 - loss: 6.2825
 199/3089 [>.............................] - ETA: 8:27:19 - loss: 6.2799
 200/3089 [>.............................] - ETA: 8:27:04 - loss: 6.2771
 201/3089 [>.............................] - ETA: 8:26:51 - loss: 6.2759
 202/3089 [>.............................] - ETA: 8:26:26 - loss: 6.2731
 203/3089 [>.............................] - ETA: 8:25:55 - loss: 6.2706
 204/3089 [>.............................] - ETA: 8:25:27 - loss: 6.2677
 205/3089 [>.............................] - ETA: 8:24:59 - loss: 6.2660
 206/3089 [=>............................] - ETA: 8:24:31 - loss: 6.2629
 207/3089 [=>............................] - ETA: 8:24:05 - loss: 6.2608
 208/3089 [=>............................] - ETA: 8:23:41 - loss: 6.2581
 209/3089 [=>............................] - ETA: 8:23:31 - loss: 6.2563
 210/3089 [=>............................] - ETA: 8:23:17 - loss: 6.2537
 211/3089 [=>............................] - ETA: 8:23:07 - loss: 6.2513
 212/3089 [=>............................] - ETA: 8:22:58 - loss: 6.2487
 213/3089 [=>............................] - ETA: 8:22:48 - loss: 6.2467
 214/3089 [=>............................] - ETA: 8:22:39 - loss: 6.2440
 215/3089 [=>............................] - ETA: 8:22:30 - loss: 6.2424
 216/3089 [=>............................] - ETA: 8:22:20 - loss: 6.2402
 217/3089 [=>............................] - ETA: 8:22:10 - loss: 6.2383
 218/3089 [=>............................] - ETA: 8:21:59 - loss: 6.2359
 219/3089 [=>............................] - ETA: 8:21:49 - loss: 6.2337
 220/3089 [=>............................] - ETA: 8:21:39 - loss: 6.2314
 221/3089 [=>............................] - ETA: 8:21:30 - loss: 6.2283
 222/3089 [=>............................] - ETA: 8:21:19 - loss: 6.2255
 223/3089 [=>............................] - ETA: 8:21:09 - loss: 6.2236
 224/3089 [=>............................] - ETA: 8:20:59 - loss: 6.2207
 225/3089 [=>............................] - ETA: 8:20:49 - loss: 6.2182
 226/3089 [=>............................] - ETA: 8:20:39 - loss: 6.2161
 227/3089 [=>............................] - ETA: 8:20:29 - loss: 6.2145
 228/3089 [=>............................] - ETA: 8:20:19 - loss: 6.2132
 229/3089 [=>............................] - ETA: 8:20:08 - loss: 6.2112
 230/3089 [=>............................] - ETA: 8:19:58 - loss: 6.2096
 231/3089 [=>............................] - ETA: 8:19:48 - loss: 6.2072
 232/3089 [=>............................] - ETA: 8:19:38 - loss: 6.2057
 233/3089 [=>............................] - ETA: 8:19:27 - loss: 6.2040
 234/3089 [=>............................] - ETA: 8:19:17 - loss: 6.2022
 235/3089 [=>............................] - ETA: 8:19:07 - loss: 6.2003
 236/3089 [=>............................] - ETA: 8:18:58 - loss: 6.1985
 237/3089 [=>............................] - ETA: 8:18:46 - loss: 6.1958
 238/3089 [=>............................] - ETA: 8:18:32 - loss: 6.1937
 239/3089 [=>............................] - ETA: 8:18:22 - loss: 6.1914
 240/3089 [=>............................] - ETA: 8:18:12 - loss: 6.1889
 241/3089 [=>............................] - ETA: 8:18:02 - loss: 6.1866
 242/3089 [=>............................] - ETA: 8:17:52 - loss: 6.1849
 243/3089 [=>............................] - ETA: 8:17:43 - loss: 6.1835
 244/3089 [=>............................] - ETA: 8:17:33 - loss: 6.1814
 245/3089 [=>............................] - ETA: 8:17:23 - loss: 6.1797
 246/3089 [=>............................] - ETA: 8:17:13 - loss: 6.1786
 247/3089 [=>............................] - ETA: 8:17:04 - loss: 6.1770
 248/3089 [=>............................] - ETA: 8:16:54 - loss: 6.1756
 249/3089 [=>............................] - ETA: 8:16:44 - loss: 6.1737
 250/3089 [=>............................] - ETA: 8:16:34 - loss: 6.1725
 251/3089 [=>............................] - ETA: 8:16:25 - loss: 6.1704
 252/3089 [=>............................] - ETA: 8:16:14 - loss: 6.1695
 253/3089 [=>............................] - ETA: 8:16:03 - loss: 6.1674
 254/3089 [=>............................] - ETA: 8:15:53 - loss: 6.1655
 255/3089 [=>............................] - ETA: 8:15:43 - loss: 6.1634
 256/3089 [=>............................] - ETA: 8:15:35 - loss: 6.1626
 257/3089 [=>............................] - ETA: 8:15:25 - loss: 6.1602
 258/3089 [=>............................] - ETA: 8:15:15 - loss: 6.1584
 259/3089 [=>............................] - ETA: 8:15:05 - loss: 6.1564
 260/3089 [=>............................] - ETA: 8:14:54 - loss: 6.1550
 261/3089 [=>............................] - ETA: 8:14:44 - loss: 6.1533
 262/3089 [=>............................] - ETA: 8:14:35 - loss: 6.1507
 263/3089 [=>............................] - ETA: 8:14:25 - loss: 6.1488
 264/3089 [=>............................] - ETA: 8:14:14 - loss: 6.1475
 265/3089 [=>............................] - ETA: 8:14:03 - loss: 6.1453
 266/3089 [=>............................] - ETA: 8:13:47 - loss: 6.1442
 267/3089 [=>............................] - ETA: 8:13:26 - loss: 6.1426
 268/3089 [=>............................] - ETA: 8:13:17 - loss: 6.1413
 269/3089 [=>............................] - ETA: 8:13:06 - loss: 6.1395
 270/3089 [=>............................] - ETA: 8:12:56 - loss: 6.1388
 271/3089 [=>............................] - ETA: 8:12:46 - loss: 6.1369
 272/3089 [=>............................] - ETA: 8:12:36 - loss: 6.1357
 273/3089 [=>............................] - ETA: 8:12:26 - loss: 6.1350
 274/3089 [=>............................] - ETA: 8:12:16 - loss: 6.1333
 275/3089 [=>............................] - ETA: 8:12:06 - loss: 6.1319
 276/3089 [=>............................] - ETA: 8:11:56 - loss: 6.1308
 277/3089 [=>............................] - ETA: 8:11:47 - loss: 6.1286
 278/3089 [=>............................] - ETA: 8:11:37 - loss: 6.1269
 279/3089 [=>............................] - ETA: 8:11:27 - loss: 6.1251
 280/3089 [=>............................] - ETA: 8:11:17 - loss: 6.1245
 281/3089 [=>............................] - ETA: 8:11:06 - loss: 6.1225
 282/3089 [=>............................] - ETA: 8:10:56 - loss: 6.1207
 283/3089 [=>............................] - ETA: 8:10:46 - loss: 6.1187
 284/3089 [=>............................] - ETA: 8:10:36 - loss: 6.1174
 285/3089 [=>............................] - ETA: 8:10:26 - loss: 6.1156
 286/3089 [=>............................] - ETA: 8:10:16 - loss: 6.1142
 287/3089 [=>............................] - ETA: 8:10:05 - loss: 6.1124
 288/3089 [=>............................] - ETA: 8:09:56 - loss: 6.1109
 289/3089 [=>............................] - ETA: 8:09:46 - loss: 6.1092
 290/3089 [=>............................] - ETA: 8:09:36 - loss: 6.1081
 291/3089 [=>............................] - ETA: 8:09:26 - loss: 6.1071
 292/3089 [=>............................] - ETA: 8:09:16 - loss: 6.1056
 293/3089 [=>............................] - ETA: 8:09:06 - loss: 6.1041
 294/3089 [=>............................] - ETA: 8:08:55 - loss: 6.1026
 295/3089 [=>............................] - ETA: 8:08:40 - loss: 6.1011
 296/3089 [=>............................] - ETA: 8:08:25 - loss: 6.0995
 297/3089 [=>............................] - ETA: 8:08:15 - loss: 6.0982
 298/3089 [=>............................] - ETA: 8:08:05 - loss: 6.0970
 299/3089 [=>............................] - ETA: 8:07:55 - loss: 6.0964
 300/3089 [=>............................] - ETA: 8:07:46 - loss: 6.0943
 301/3089 [=>............................] - ETA: 8:07:36 - loss: 6.0926
 302/3089 [=>............................] - ETA: 8:07:27 - loss: 6.0911
 303/3089 [=>............................] - ETA: 8:07:17 - loss: 6.0900
 304/3089 [=>............................] - ETA: 8:07:07 - loss: 6.0889
 305/3089 [=>............................] - ETA: 8:06:57 - loss: 6.0875
 306/3089 [=>............................] - ETA: 8:06:46 - loss: 6.0866
 307/3089 [=>............................] - ETA: 8:06:36 - loss: 6.0855
 308/3089 [=>............................] - ETA: 8:06:26 - loss: 6.0842
 309/3089 [==>...........................] - ETA: 8:06:17 - loss: 6.0832
 310/3089 [==>...........................] - ETA: 8:06:07 - loss: 6.0821
 311/3089 [==>...........................] - ETA: 8:05:57 - loss: 6.0812
 312/3089 [==>...........................] - ETA: 8:05:47 - loss: 6.0803
 313/3089 [==>...........................] - ETA: 8:05:37 - loss: 6.0793
 314/3089 [==>...........................] - ETA: 8:05:27 - loss: 6.0788
 315/3089 [==>...........................] - ETA: 8:05:17 - loss: 6.0784
 316/3089 [==>...........................] - ETA: 8:05:06 - loss: 6.0769
 317/3089 [==>...........................] - ETA: 8:04:56 - loss: 6.0751
 318/3089 [==>...........................] - ETA: 8:04:46 - loss: 6.0743
 319/3089 [==>...........................] - ETA: 8:04:36 - loss: 6.0728
 320/3089 [==>...........................] - ETA: 8:04:26 - loss: 6.0714
 321/3089 [==>...........................] - ETA: 8:04:16 - loss: 6.0710
 322/3089 [==>...........................] - ETA: 8:04:06 - loss: 6.0703
 323/3089 [==>...........................] - ETA: 8:03:55 - loss: 6.0692
 324/3089 [==>...........................] - ETA: 8:03:38 - loss: 6.0680
 325/3089 [==>...........................] - ETA: 8:03:24 - loss: 6.0669
 326/3089 [==>...........................] - ETA: 8:03:14 - loss: 6.0659
 327/3089 [==>...........................] - ETA: 8:03:03 - loss: 6.0643
 328/3089 [==>...........................] - ETA: 8:02:53 - loss: 6.0628
 329/3089 [==>...........................] - ETA: 8:02:43 - loss: 6.0618
 330/3089 [==>...........................] - ETA: 8:02:33 - loss: 6.0607
 331/3089 [==>...........................] - ETA: 8:02:23 - loss: 6.0592
 332/3089 [==>...........................] - ETA: 8:02:12 - loss: 6.0578
 333/3089 [==>...........................] - ETA: 8:02:02 - loss: 6.0564
 334/3089 [==>...........................] - ETA: 8:01:52 - loss: 6.0555
 335/3089 [==>...........................] - ETA: 8:01:41 - loss: 6.0546
 336/3089 [==>...........................] - ETA: 8:01:32 - loss: 6.0538
 337/3089 [==>...........................] - ETA: 8:01:22 - loss: 6.0530
 338/3089 [==>...........................] - ETA: 8:01:11 - loss: 6.0516
 339/3089 [==>...........................] - ETA: 8:01:01 - loss: 6.0507
 340/3089 [==>...........................] - ETA: 8:00:51 - loss: 6.0498
 341/3089 [==>...........................] - ETA: 8:00:40 - loss: 6.0487
 342/3089 [==>...........................] - ETA: 8:00:31 - loss: 6.0478
 343/3089 [==>...........................] - ETA: 8:00:21 - loss: 6.0462
 344/3089 [==>...........................] - ETA: 8:00:10 - loss: 6.0448
 345/3089 [==>...........................] - ETA: 8:00:00 - loss: 6.0440
 346/3089 [==>...........................] - ETA: 7:59:50 - loss: 6.0432
 347/3089 [==>...........................] - ETA: 7:59:40 - loss: 6.0423
 348/3089 [==>...........................] - ETA: 7:59:30 - loss: 6.0407
 349/3089 [==>...........................] - ETA: 7:59:20 - loss: 6.0392
 350/3089 [==>...........................] - ETA: 7:59:10 - loss: 6.0378
 351/3089 [==>...........................] - ETA: 7:59:00 - loss: 6.0360
 352/3089 [==>...........................] - ETA: 7:58:48 - loss: 6.0352
 353/3089 [==>...........................] - ETA: 7:58:33 - loss: 6.0338
 354/3089 [==>...........................] - ETA: 7:58:21 - loss: 6.0325
 355/3089 [==>...........................] - ETA: 7:58:10 - loss: 6.0312
 356/3089 [==>...........................] - ETA: 7:58:00 - loss: 6.0301
 357/3089 [==>...........................] - ETA: 7:57:50 - loss: 6.0286
 358/3089 [==>...........................] - ETA: 7:57:40 - loss: 6.0272
 359/3089 [==>...........................] - ETA: 7:57:30 - loss: 6.0255
 360/3089 [==>...........................] - ETA: 7:57:19 - loss: 6.0239
 361/3089 [==>...........................] - ETA: 7:57:09 - loss: 6.0226
 362/3089 [==>...........................] - ETA: 7:56:59 - loss: 6.0209
 363/3089 [==>...........................] - ETA: 7:56:49 - loss: 6.0191
 364/3089 [==>...........................] - ETA: 7:56:39 - loss: 6.0181
 365/3089 [==>...........................] - ETA: 7:56:28 - loss: 6.0172
 366/3089 [==>...........................] - ETA: 7:56:18 - loss: 6.0164
 367/3089 [==>...........................] - ETA: 7:56:08 - loss: 6.0153
 368/3089 [==>...........................] - ETA: 7:55:58 - loss: 6.0142
 369/3089 [==>...........................] - ETA: 7:55:48 - loss: 6.0130
 370/3089 [==>...........................] - ETA: 7:55:38 - loss: 6.0119
 371/3089 [==>...........................] - ETA: 7:55:28 - loss: 6.0109
 372/3089 [==>...........................] - ETA: 7:55:18 - loss: 6.0103
 373/3089 [==>...........................] - ETA: 7:55:08 - loss: 6.0086
 374/3089 [==>...........................] - ETA: 7:54:58 - loss: 6.0075
 375/3089 [==>...........................] - ETA: 7:54:48 - loss: 6.0062
 376/3089 [==>...........................] - ETA: 7:54:38 - loss: 6.0048
 377/3089 [==>...........................] - ETA: 7:54:27 - loss: 6.0041
 378/3089 [==>...........................] - ETA: 7:54:17 - loss: 6.0032
 379/3089 [==>...........................] - ETA: 7:54:07 - loss: 6.0015
 380/3089 [==>...........................] - ETA: 7:53:57 - loss: 6.0006
 381/3089 [==>...........................] - ETA: 7:53:45 - loss: 5.9994
 382/3089 [==>...........................] - ETA: 7:53:25 - loss: 5.9979
 383/3089 [==>...........................] - ETA: 7:53:11 - loss: 5.9972
 384/3089 [==>...........................] - ETA: 7:53:00 - loss: 5.9964
 385/3089 [==>...........................] - ETA: 7:52:50 - loss: 5.9954
 386/3089 [==>...........................] - ETA: 7:52:40 - loss: 5.9938
 387/3089 [==>...........................] - ETA: 7:52:29 - loss: 5.9928
 388/3089 [==>...........................] - ETA: 7:52:19 - loss: 5.9916
 389/3089 [==>...........................] - ETA: 7:52:08 - loss: 5.9901
 390/3089 [==>...........................] - ETA: 7:51:58 - loss: 5.9889
 391/3089 [==>...........................] - ETA: 7:51:48 - loss: 5.9877
 392/3089 [==>...........................] - ETA: 7:51:38 - loss: 5.9871
 393/3089 [==>...........................] - ETA: 7:51:27 - loss: 5.9856
 394/3089 [==>...........................] - ETA: 7:51:17 - loss: 5.9850
 395/3089 [==>...........................] - ETA: 7:51:06 - loss: 5.9845
 396/3089 [==>...........................] - ETA: 7:50:56 - loss: 5.9835
 397/3089 [==>...........................] - ETA: 7:50:45 - loss: 5.9828
 398/3089 [==>...........................] - ETA: 7:50:35 - loss: 5.9813
