/scratch/cs/imagedb/picsom/databases/vist/conda_vist/lib/python2.7/site-packages/h5py/__init__.py:36: FutureWarning: Conversion of the second argument of issubdtype from `float` to `np.floating` is deprecated. In future, it will be treated as `np.float64 == np.dtype(float).type`.
  from ._conv import register_converters as _register_converters
Using TensorFlow backend.
2018-06-04 12:34:57.384326: I tensorflow/core/platform/cpu_feature_guard.cc:140] Your CPU supports instructions that this TensorFlow binary was not compiled to use: AVX2 FMA
('num samples: ', 40155)
('train steps: ', 3089)
Found 400000 word vectors.
Found 400000 word vectors.
Epoch 1/25

   1/3089 [..............................] - ETA: 12:40:42 - loss: 9.2237
   2/3089 [..............................] - ETA: 10:56:50 - loss: 9.2030
   3/3089 [..............................] - ETA: 10:18:27 - loss: 9.1816
   4/3089 [..............................] - ETA: 10:00:36 - loss: 9.1593
   5/3089 [..............................] - ETA: 9:49:00 - loss: 9.1358 
   6/3089 [..............................] - ETA: 9:41:18 - loss: 9.1094
   7/3089 [..............................] - ETA: 9:35:55 - loss: 9.0814
   8/3089 [..............................] - ETA: 9:31:35 - loss: 9.0522
   9/3089 [..............................] - ETA: 9:27:59 - loss: 9.0218
  10/3089 [..............................] - ETA: 9:25:20 - loss: 8.9908
  11/3089 [..............................] - ETA: 9:23:00 - loss: 8.9610
  12/3089 [..............................] - ETA: 9:20:48 - loss: 8.9236
  13/3089 [..............................] - ETA: 9:17:55 - loss: 8.8931
  14/3089 [..............................] - ETA: 9:14:40 - loss: 8.8603
  15/3089 [..............................] - ETA: 9:13:26 - loss: 8.8232
  16/3089 [..............................] - ETA: 9:12:23 - loss: 8.7891
  17/3089 [..............................] - ETA: 9:11:36 - loss: 8.7558
  18/3089 [..............................] - ETA: 9:10:40 - loss: 8.7236
  19/3089 [..............................] - ETA: 9:10:01 - loss: 8.6866
  20/3089 [..............................] - ETA: 9:09:17 - loss: 8.6487
  21/3089 [..............................] - ETA: 9:08:39 - loss: 8.6165
  22/3089 [..............................] - ETA: 9:08:09 - loss: 8.5763
  23/3089 [..............................] - ETA: 9:07:35 - loss: 8.5389
  24/3089 [..............................] - ETA: 9:07:00 - loss: 8.5016
  25/3089 [..............................] - ETA: 9:06:27 - loss: 8.4628
  26/3089 [..............................] - ETA: 9:05:57 - loss: 8.4281
  27/3089 [..............................] - ETA: 9:05:31 - loss: 8.3916
  28/3089 [..............................] - ETA: 9:05:07 - loss: 8.3546
  29/3089 [..............................] - ETA: 9:04:39 - loss: 8.3213
  30/3089 [..............................] - ETA: 9:04:15 - loss: 8.2878
  31/3089 [..............................] - ETA: 9:03:54 - loss: 8.2533
  32/3089 [..............................] - ETA: 9:03:28 - loss: 8.2152
  33/3089 [..............................] - ETA: 9:03:09 - loss: 8.1757
  34/3089 [..............................] - ETA: 9:02:52 - loss: 8.1405
  35/3089 [..............................] - ETA: 9:02:41 - loss: 8.1032
  36/3089 [..............................] - ETA: 9:02:25 - loss: 8.0695
  37/3089 [..............................] - ETA: 9:02:07 - loss: 8.0328
  38/3089 [..............................] - ETA: 9:01:49 - loss: 7.9983
  39/3089 [..............................] - ETA: 9:01:30 - loss: 7.9684
  40/3089 [..............................] - ETA: 9:01:16 - loss: 7.9381
  41/3089 [..............................] - ETA: 9:00:29 - loss: 7.9037
  42/3089 [..............................] - ETA: 8:59:01 - loss: 7.8701
  43/3089 [..............................] - ETA: 8:58:47 - loss: 7.8397
  44/3089 [..............................] - ETA: 8:58:38 - loss: 7.8071
  45/3089 [..............................] - ETA: 8:58:28 - loss: 7.7772
  46/3089 [..............................] - ETA: 8:58:14 - loss: 7.7458
  47/3089 [..............................] - ETA: 8:58:00 - loss: 7.7149
  48/3089 [..............................] - ETA: 8:57:45 - loss: 7.6862
  49/3089 [..............................] - ETA: 8:57:33 - loss: 7.6556
  50/3089 [..............................] - ETA: 8:57:22 - loss: 7.6291
  51/3089 [..............................] - ETA: 8:57:05 - loss: 7.6018
  52/3089 [..............................] - ETA: 8:56:50 - loss: 7.5751
  53/3089 [..............................] - ETA: 8:56:36 - loss: 7.5511
  54/3089 [..............................] - ETA: 8:56:24 - loss: 7.5261
  55/3089 [..............................] - ETA: 8:56:12 - loss: 7.5007
  56/3089 [..............................] - ETA: 8:56:05 - loss: 7.4735
  57/3089 [..............................] - ETA: 8:55:50 - loss: 7.4492
  58/3089 [..............................] - ETA: 8:55:41 - loss: 7.4242
  59/3089 [..............................] - ETA: 8:55:28 - loss: 7.4036
  60/3089 [..............................] - ETA: 8:55:17 - loss: 7.3813
  61/3089 [..............................] - ETA: 8:55:04 - loss: 7.3568
  62/3089 [..............................] - ETA: 8:54:54 - loss: 7.3375
  63/3089 [..............................] - ETA: 8:54:40 - loss: 7.3168
  64/3089 [..............................] - ETA: 8:54:29 - loss: 7.2935
  65/3089 [..............................] - ETA: 8:54:16 - loss: 7.2753
  66/3089 [..............................] - ETA: 8:54:04 - loss: 7.2553
  67/3089 [..............................] - ETA: 8:53:53 - loss: 7.2380
  68/3089 [..............................] - ETA: 8:53:39 - loss: 7.2185
  69/3089 [..............................] - ETA: 8:53:24 - loss: 7.1977
  70/3089 [..............................] - ETA: 8:52:49 - loss: 7.1794
  71/3089 [..............................] - ETA: 8:52:37 - loss: 7.1632
  72/3089 [..............................] - ETA: 8:52:24 - loss: 7.1462
  73/3089 [..............................] - ETA: 8:52:12 - loss: 7.1289
  74/3089 [..............................] - ETA: 8:52:03 - loss: 7.1112
  75/3089 [..............................] - ETA: 8:51:52 - loss: 7.0949
  76/3089 [..............................] - ETA: 8:51:42 - loss: 7.0819
  77/3089 [..............................] - ETA: 8:51:31 - loss: 7.0670
  78/3089 [..............................] - ETA: 8:51:23 - loss: 7.0512
  79/3089 [..............................] - ETA: 8:51:09 - loss: 7.0373
  80/3089 [..............................] - ETA: 8:50:58 - loss: 7.0216
  81/3089 [..............................] - ETA: 8:50:48 - loss: 7.0074
  82/3089 [..............................] - ETA: 8:50:37 - loss: 6.9937
  83/3089 [..............................] - ETA: 8:50:25 - loss: 6.9794
  84/3089 [..............................] - ETA: 8:50:12 - loss: 6.9650
  85/3089 [..............................] - ETA: 8:50:03 - loss: 6.9509
  86/3089 [..............................] - ETA: 8:49:51 - loss: 6.9366
  87/3089 [..............................] - ETA: 8:49:38 - loss: 6.9231
srun: Job step aborted: Waiting up to 32 seconds for job step to finish.
slurmstepd: error: *** JOB 31979080 ON pe89 CANCELLED AT 2018-06-04T12:51:10 ***
slurmstepd: error: *** STEP 31979080.0 ON pe89 CANCELLED AT 2018-06-04T12:51:10 ***
