Sun Jun 17 21:04:33 EEST 2018
start
2018-06-17 21:05:27.583042: I tensorflow/core/platform/cpu_feature_guard.cc:137] Your CPU supports instructions that this TensorFlow binary was not compiled to use: SSE4.1 SSE4.2 AVX AVX2 FMA
2018-06-17 21:05:27.827369: I tensorflow/core/common_runtime/gpu/gpu_device.cc:1030] Found device 0 with properties: 
name: Tesla K80 major: 3 minor: 7 memoryClockRate(GHz): 0.8235
pciBusID: 0000:05:00.0
totalMemory: 11.17GiB freeMemory: 11.10GiB
2018-06-17 21:05:27.827604: I tensorflow/core/common_runtime/gpu/gpu_device.cc:1120] Creating TensorFlow device (/device:GPU:0) -> (device: 0, name: Tesla K80, pci bus id: 0000:05:00.0, compute capability: 3.7)
Corrupt JPEG data: 158 extraneous bytes before marker 0xd9
Corrupt JPEG data: 7568 extraneous bytes before marker 0xd9
Corrupt JPEG data: 6300 extraneous bytes before marker 0xd9
Premature end of JPEG file
Premature end of JPEG file
Corrupt JPEG data: 32 extraneous bytes before marker 0xd4
Corrupt JPEG data: 5598 extraneous bytes before marker 0xd7
Corrupt JPEG data: premature end of data segment
Corrupt JPEG data: 160 extraneous bytes before marker 0xd9
Corrupt JPEG data: 114 extraneous bytes before marker 0xd9
Corrupt JPEG data: premature end of data segment
Corrupt JPEG data: 224 extraneous bytes before marker 0xd9
64 64
227
64 128
227
64 192
227
64 256
227
64 320
227
64 384
227
64 448
227
64 512
227
64 576
227
64 640
227
64 704
227
64 768
227
64 832
227
64 896
227
64 960
227
64 1024
227
64 1088
227
64 1152
227
64 1216
227
64 1280
227
64 1344
227
64 1408
227
64 1472
227
64 1536
227
64 1600
227
64 1664
227
64 1728
227
64 1792
227
64 1856
227
64 1920
227
64 1984
227
64 2048
227
64 2112
227
64 2176
227
64 2240
227
bad_image ->  dataset/images/train_full/222200246.jpg
63 2304
227
64 2368
227
64 2432
227
64 2496
227
64 2560
227
64 2624
227
64 2688
227
64 2752
227
64 2816
227
64 2880
227
64 2944
227
64 3008
227
64 3072
227
64 3136
227
64 3200
227
64 3264
227
64 3328
227
64 3392
227
64 3456
227
64 3520
227
64 3584
227
64 3648
227
64 3712
227
64 3776
227
64 3840
227
64 3904
227
64 3968
227
64 4032
227
64 4096
227
64 4160
227
64 4224
227
64 4288
227
64 4352
227
64 4416
227
64 4480
227
64 4544
227
64 4608
227
64 4672
227
bad_image ->  dataset/images/train_full/209758240.jpg
63 4736
227
64 4800
227
64 4864
227
64 4928
227
64 4992
227
64 5056
227
64 5120
227
64 5184
227
bad_image ->  dataset/images/train_full/61784062.jpg
63 5248
227
64 5312
227
64 5376
227
64 5440
227
64 5504
227
64 5568
227
64 5632
227
64 5696
227
64 5760
227
64 5824
227
64 5888
227
64 5952
227
64 6016
227
64 6080
227
64 6144
227
64 6208
227
64 6272
227
64 6336
227
64 6400
227
64 6464
227
64 6528
227
64 6592
227
64 6656
227
64 6720
227
64 6784
227
64 6848
227
64 6912
227
64 6976
227
64 7040
227
64 7104
227
64 7168
227
64 7232
227
64 7296
227
64 7360
227
64 7424
227
64 7488
227
64 7552
227
64 7616
227
64 7680
227
64 7744
227
64 7808
227
64 7872
227
64 7936
227
64 8000
227
bad_image ->  dataset/images/train_full/15207444.jpg
63 8064
227
64 8128
227
64 8192
227
64 8256
227
64 8320
227
64 8384
227
64 8448
227
64 8512
227
64 8576
227
64 8640
227
64 8704
227
64 8768
227
64 8832
227
64 8896
227
64 8960
227
64 9024
227
64 9088
227
64 9152
227
64 9216
227
64 9280
227
64 9344
227
64 9408
227
64 9472
227
64 9536
227
64 9600
227
64 9664
227
64 9728
227
64 9792
227
64 9856
227
64 9920
227
64 9984
227
64 10048
227
64 10112
227
64 10176
227
64 10240
227
64 10304
227
64 10368
227
64 10432
227
64 10496
227
64 10560
227
64 10624
227
64 10688
227
64 10752
227
64 10816
227
64 10880
227
64 10944
227
64 11008
227
64 11072
227
64 11136
227
64 11200
227
64 11264
227
64 11328
227
64 11392
227
64 11456
227
64 11520
227
64 11584
227
64 11648
227
64 11712
227
64 11776
227
64 11840
227
64 11904
227
64 11968
227
64 12032
227
64 12096
227
64 12160
227
64 12224
227
64 12288
227
64 12352
227
64 12416
227
64 12480
227
64 12544
227
64 12608
227
64 12672
227
64 12736
227
64 12800
227
64 12864
227
64 12928
227
64 12992
227
64 13056
227
64 13120
227
64 13184
227
64 13248
227
64 13312
227
64 13376
227
64 13440
227
64 13504
227
64 13568
227
64 13632
227
64 13696
227
64 13760
227
64 13824
227
64 13888
227
64 13952
227
64 14016
227
64 14080
227
64 14144
227
64 14208
227
64 14272
227
64 14336
227
64 14400
227
64 14464
227
64 14528
227
64 14592
227
64 14656
227
64 14720
227
64 14784
227
64 14848
227
64 14912
227
64 14976
227
64 15040
227
64 15104
227
64 15168
227
64 15232
227
64 15296
227
64 15360
227
64 15424
227
64 15488
227
64 15552
227
64 15616
227
64 15680
227
64 15744
227
64 15808
227
64 15872
227
64 15936
227
64 16000
227
64 16064
227
64 16128
227
64 16192
227
64 16256
227
64 16320
227
64 16384
227
64 16448
227
64 16512
227
64 16576
227
64 16640
227
64 16704
227
64 16768
227
64 16832
227
64 16896
227
64 16960
227
64 17024
227
64 17088
227
64 17152
227
64 17216
227
64 17280
227
64 17344
227
64 17408
227
64 17472
227
64 17536
227
64 17600
227
64 17664
227
64 17728
227
64 17792
227
64 17856
227
64 17920
227
64 17984
227
64 18048
227
64 18112
227
64 18176
227
64 18240
227
64 18304
227
64 18368
227
64 18432
227
64 18496
227
64 18560
227
64 18624
227
64 18688
227
64 18752
227
64 18816
227
64 18880
227
64 18944
227
64 19008
227
64 19072
227
64 19136
227
64 19200
227
64 19264
227
64 19328
227
64 19392
227
64 19456
227
64 19520
227
64 19584
227
64 19648
227
64 19712
227
64 19776
227
64 19840
227
64 19904
227
64 19968
227
64 20032
227
64 20096
227
64 20160
227
64 20224
227
64 20288
227
64 20352
227
64 20416
227
64 20480
227
64 20544
227
64 20608
227
64 20672
227
64 20736
227
64 20800
227
64 20864
227
64 20928
227
64 20992
227
64 21056
227
64 21120
227
64 21184
227
64 21248
227
64 21312
227
64 21376
227
64 21440
227
64 21504
227
64 21568
227
64 21632
227
64 21696
227
64 21760
227
64 21824
227
64 21888
227
64 21952
227
64 22016
227
64 22080
227
64 22144
227
bad_image ->  dataset/images/train_full/5127621127.jpg
63 22208
227
64 22272
227
64 22336
227
64 22400
227
64 22464
227
64 22528
227
64 22592
227
64 22656
227
64 22720
227
64 22784
227
64 22848
227
64 22912
227
64 22976
227
64 23040
227
64 23104
227
64 23168
227
64 23232
227
64 23296
227
64 23360
227
64 23424
227
64 23488
227
64 23552
227
64 23616
227
64 23680
227
64 23744
227
64 23808
227
64 23872
227
64 23936
227
64 24000
227
64 24064
227
64 24128
227
64 24192
227
64 24256
227
64 24320
227
64 24384
227
64 24448
227
64 24512
227
64 24576
227
64 24640
227
64 24704
227
64 24768
227
64 24832
227
64 24896
227
64 24960
227
64 25024
227
64 25088
227
64 25152
227
64 25216
227
64 25280
227
64 25344
227
64 25408
227
64 25472
227
64 25536
227
64 25600
227
64 25664
227
64 25728
227
64 25792
227
64 25856
227
64 25920
227
64 25984
227
64 26048
227
64 26112
227
64 26176
227
64 26240
227
64 26304
227
64 26368
227
64 26432
227
64 26496
227
64 26560
227
64 26624
227
64 26688
227
64 26752
227
64 26816
227
64 26880
227
64 26944
227
64 27008
227
64 27072
227
64 27136
227
64 27200
227
64 27264
227
64 27328
227
64 27392
227
64 27456
227
64 27520
227
64 27584
227
64 27648
227
64 27712
227
64 27776
227
64 27840
227
64 27904
227
64 27968
227
64 28032
227
64 28096
227
bad_image ->  dataset/images/train_full/6631084125.jpg
bad_image ->  dataset/images/train_full/1931856289.jpg
62 28160
227
64 28224
227
64 28288
227
64 28352
227
64 28416
227
64 28480
227
64 28544
227
64 28608
227
64 28672
227
64 28736
227
64 28800
227
64 28864
227
64 28928
227
64 28992
227
64 29056
227
64 29120
227
64 29184
227
64 29248
227
64 29312
227
64 29376
227
64 29440
227
64 29504
227
64 29568
227
64 29632
227
64 29696
227
64 29760
227
64 29824
227
64 29888
227
64 29952
227
64 30016
227
64 30080
227
64 30144
227
64 30208
227
64 30272
227
64 30336
227
64 30400
227
64 30464
227
64 30528
227
64 30592
227
64 30656
227
64 30720
227
64 30784
227
64 30848
227
64 30912
227
bad_image ->  dataset/images/train_full/7962520248.jpg
63 30976
227
64 31040
227
64 31104
227
64 31168
227
64 31232
227
64 31296
227
64 31360
227
64 31424
227
64 31488
227
64 31552
227
64 31616
227
64 31680
227
64 31744
227
64 31808
227
64 31872
227
64 31936
227
64 32000
227
64 32064
227
64 32128
227
64 32192
227
64 32256
227
64 32320
227
64 32384
227
64 32448
227
64 32512
227
64 32576
227
64 32640
227
64 32704
227
64 32768
227
64 32832
227
64 32896
227
64 32960
227
64 33024
227
64 33088
227
64 33152
227
64 33216
227
64 33280
227
64 33344
227
64 33408
227
64 33472
227
64 33536
227
64 33600
227
64 33664
227
64 33728
227
64 33792
227
64 33856
227
64 33920
227
64 33984
227
64 34048
227
64 34112
227
64 34176
227
64 34240
227
64 34304
227
64 34368
227
64 34432
227
64 34496
227
64 34560
227
64 34624
227
64 34688
227
64 34752
227
64 34816
227
64 34880
227
64 34944
227
64 35008
227
64 35072
227
64 35136
227
64 35200
227
64 35264
227
64 35328
227
64 35392
227
64 35456
227
64 35520
227
64 35584
227
64 35648
227
64 35712
227
64 35776
227
64 35840
227
64 35904
227
64 35968
227
64 36032
227
64 36096
227
64 36160
227
64 36224
227
64 36288
227
64 36352
227
64 36416
227
64 36480
227
64 36544
227
64 36608
227
64 36672
227
64 36736
227
64 36800
227
64 36864
227
64 36928
227
64 36992
227
64 37056
227
64 37120
227
64 37184
227
64 37248
227
64 37312
227
64 37376
227
64 37440
227
64 37504
227
64 37568
227
64 37632
227
64 37696
227
64 37760
227
64 37824
227
64 37888
227
64 37952
227
64 38016
227
64 38080
227
64 38144
227
bad_image ->  dataset/images/train_full/55964672.jpg
63 38208
227
64 38272
227
64 38336
227
64 38400
227
64 38464
227
64 38528
227
64 38592
227
64 38656
227
64 38720
227
64 38784
227
Corrupt JPEG data: 124 extraneous bytes before marker 0xd9
Corrupt JPEG data: premature end of data segment
Corrupt JPEG data: premature end of data segment
Corrupt JPEG data: premature end of data segment
Corrupt JPEG data: 163 extraneous bytes before marker 0xd9
Corrupt JPEG data: premature end of data segment
Corrupt JPEG data: 119 extraneous bytes before marker 0xd9
Corrupt JPEG data: 123 extraneous bytes before marker 0xd9
Corrupt JPEG data: premature end of data segment
Corrupt JPEG data: 203 extraneous bytes before marker 0xd9
Premature end of JPEG file
Corrupt JPEG data: premature end of data segment
Corrupt JPEG data: 137 extraneous bytes before marker 0xd9
Corrupt JPEG data: 159 extraneous bytes before marker 0xd9
Premature end of JPEG file
Premature end of JPEG file
Corrupt JPEG data: 197 extraneous bytes before marker 0xd9
64 38848
227
64 38912
227
64 38976
227
64 39040
227
64 39104
227
64 39168
227
64 39232
227
64 39296
227
64 39360
227
64 39424
227
64 39488
227
64 39552
227
64 39616
227
64 39680
227
64 39744
227
64 39808
227
64 39872
227
64 39936
227
64 40000
227
64 40064
227
64 40128
227
64 40192
227
64 40256
227
64 40320
227
64 40384
227
64 40448
227
64 40512
227
64 40576
227
64 40640
227
64 40704
227
64 40768
227
64 40832
227
64 40896
227
64 40960
227
64 41024
227
64 41088
227
64 41152
227
64 41216
227
64 41280
227
64 41344
227
64 41408
227
64 41472
227
64 41536
227
64 41600
227
64 41664
227
64 41728
227
64 41792
227
64 41856
227
64 41920
227
64 41984
227
64 42048
227
64 42112
227
64 42176
227
64 42240
227
64 42304
227
64 42368
227
64 42432
227
64 42496
227
64 42560
227
64 42624
227
64 42688
227
64 42752
227
64 42816
227
64 42880
227
64 42944
227
64 43008
227
64 43072
227
64 43136
227
64 43200
227
64 43264
227
64 43328
227
64 43392
227
64 43456
227
64 43520
227
64 43584
227
64 43648
227
64 43712
227
64 43776
227
64 43840
227
64 43904
227
64 43968
227
64 44032
227
64 44096
227
64 44160
227
64 44224
227
64 44288
227
64 44352
227
64 44416
227
64 44480
227
64 44544
227
64 44608
227
64 44672
227
64 44736
227
64 44800
227
64 44864
227
64 44928
227
64 44992
227
64 45056
227
64 45120
227
64 45184
227
64 45248
227
64 45312
227
64 45376
227
64 45440
227
64 45504
227
64 45568
227
64 45632
227
64 45696
227
64 45760
227
64 45824
227
64 45888
227
64 45952
227
bad_image ->  dataset/images/train_full/222207329.jpg
63 46016
227
64 46080
227
64 46144
227
64 46208
227
64 46272
227
64 46336
227
64 46400
227
64 46464
227
64 46528
227
64 46592
227
64 46656
227
64 46720
227
64 46784
227
64 46848
227
64 46912
227
64 46976
227
64 47040
227
64 47104
227
64 47168
227
64 47232
227
64 47296
227
64 47360
227
64 47424
227
64 47488
227
64 47552
227
64 47616
227
64 47680
227
64 47744
227
64 47808
227
64 47872
227
64 47936
227
64 48000
227
64 48064
227
64 48128
227
64 48192
227
64 48256
227
bad_image ->  dataset/images/train_full/22672166.jpg
63 48320
227
64 48384
227
64 48448
227
64 48512
227
64 48576
227
64 48640
227
64 48704
227
64 48768
227
64 48832
227
64 48896
227
64 48960
227
64 49024
227
64 49088
227
64 49152
227
64 49216
227
64 49280
227
64 49344
227
64 49408
227
64 49472
227
bad_image ->  dataset/images/train_full/176678605.jpg
63 49536
227
64 49600
227
64 49664
227
64 49728
227
64 49792
227
64 49856
227
64 49920
227
64 49984
227
64 50048
227
64 50112
227
64 50176
227
64 50240
227
64 50304
227
64 50368
227
64 50432
227
64 50496
227
64 50560
227
64 50624
227
64 50688
227
64 50752
227
64 50816
227
64 50880
227
64 50944
227
64 51008
227
bad_image ->  dataset/images/train_full/249262797.jpg
63 51072
227
64 51136
227
64 51200
227
64 51264
227
64 51328
227
64 51392
227
64 51456
227
64 51520
227
64 51584
227
64 51648
227
64 51712
227
64 51776
227
64 51840
227
64 51904
227
64 51968
227
64 52032
227
64 52096
227
64 52160
227
64 52224
227
64 52288
227
64 52352
227
64 52416
227
64 52480
227
64 52544
227
64 52608
227
64 52672
227
64 52736
227
64 52800
227
64 52864
227
64 52928
227
64 52992
227
64 53056
227
64 53120
227
64 53184
227
64 53248
227
64 53312
227
64 53376
227
64 53440
227
64 53504
227
64 53568
227
64 53632
227
64 53696
227
64 53760
227
64 53824
227
64 53888
227
64 53952
227
64 54016
227
64 54080
227
64 54144
227
64 54208
227
64 54272
227
64 54336
227
64 54400
227
64 54464
227
64 54528
227
64 54592
227
64 54656
227
64 54720
227
64 54784
227
bad_image ->  dataset/images/train_full/7962538428.jpg
63 54848
227
64 54912
227
64 54976
227
64 55040
227
64 55104
227
64 55168
227
64 55232
227
64 55296
227
64 55360
227
64 55424
227
64 55488
227
64 55552
227
64 55616
227
64 55680
227
64 55744
227
64 55808
227
64 55872
227
64 55936
227
64 56000
227
64 56064
227
64 56128
227
64 56192
227
64 56256
227
64 56320
227
64 56384
227
64 56448
227
64 56512
227
64 56576
227
64 56640
227
64 56704
227
64 56768
227
64 56832
227
64 56896
227
64 56960
227
64 57024
227
64 57088
227
64 57152
227
64 57216
227
64 57280
227
64 57344
227
64 57408
227
64 57472
227
bad_image ->  dataset/images/train_full/5690652200.jpg
63 57536
227
64 57600
227
64 57664
227
64 57728
227
64 57792
227
64 57856
227
64 57920
227
64 57984
227
64 58048
227
64 58112
227
64 58176
227
64 58240
227
64 58304
227
64 58368
227
64 58432
227
64 58496
227
64 58560
227
64 58624
227
64 58688
227
64 58752
227
64 58816
227
64 58880
227
64 58944
227
64 59008
227
64 59072
227
64 59136
227
64 59200
227
64 59264
227
64 59328
227
64 59392
227
64 59456
227
64 59520
227
64 59584
227
64 59648
227
64 59712
227
64 59776
227
64 59840
227
64 59904
227
64 59968
227
64 60032
227
64 60096
227
64 60160
227
64 60224
227
64 60288
227
64 60352
227
64 60416
227
64 60480
227
64 60544
227
64 60608
227
64 60672
227
64 60736
227
64 60800
227
64 60864
227
64 60928
227
64 60992
227
64 61056
227
64 61120
227
64 61184
227
64 61248
227
64 61312
227
64 61376
227
64 61440
227
64 61504
227
64 61568
227
64 61632
227
64 61696
227
64 61760
227
64 61824
227
64 61888
227
64 61952
227
64 62016
227
64 62080
227
64 62144
227
64 62208
227
64 62272
227
64 62336
227
64 62400
227
64 62464
227
64 62528
227
64 62592
227
64 62656
227
64 62720
227
64 62784
227
64 62848
227
64 62912
227
64 62976
227
64 63040
227
64 63104
227
64 63168
227
64 63232
227
64 63296
227
64 63360
227
64 63424
227
64 63488
227
64 63552
227
64 63616
227
64 63680
227
64 63744
227
64 63808
227
64 63872
227
64 63936
227
64 64000
227
bad_image ->  dataset/images/train_full/176673584.jpg
63 64064
227
64 64128
227
64 64192
227
64 64256
227
64 64320
227
64 64384
227
64 64448
227
64 64512
227
64 64576
227
64 64640
227
64 64704
227
64 64768
227
64 64832
227
64 64896
227
64 64960
227
64 65024
227
64 65088
227
64 65152
227
64 65216
227
64 65280
227
64 65344
227
64 65408
227
64 65472
227
64 65536
227
64 65600
227
64 65664
227
64 65728
227
64 65792
227
64 65856
227
64 65920
227
64 65984
227
64 66048
227
64 66112
227
64 66176
227
64 66240
227
64 66304
227
64 66368
227
64 66432
227
64 66496
227
64 66560
227
64 66624
227
64 66688
227
64 66752
227
64 66816
227
64 66880
227
64 66944
227
64 67008
227
64 67072
227
64 67136
227
64 67200
227
64 67264
227
64 67328
227
64 67392
227
64 67456
227
64 67520
227
64 67584
227
64 67648
227
64 67712
227
64 67776
227
64 67840
227
64 67904
227
64 67968
227
64 68032
227
64 68096
227
64 68160
227
64 68224
227
64 68288
227
64 68352
227
64 68416
227
64 68480
227
64 68544
227
64 68608
227
64 68672
227
64 68736
227
64 68800
227
64 68864
227
64 68928
227
64 68992
227
64 69056
227
64 69120
227
64 69184
227
bad_image ->  dataset/images/train_full/187540602.jpg
63 69248
227
64 69312
227
64 69376
227
64 69440
227
64 69504
227
64 69568
227
64 69632
227
64 69696
227
64 69760
227
64 69824
227
64 69888
227
64 69952
227
64 70016
227
64 70080
227
64 70144
227
64 70208
227
64 70272
227
64 70336
227
bad_image ->  dataset/images/train_full/7962537196.jpg
63 70400
227
64 70464
227
64 70528
227
64 70592
227
64 70656
227
64 70720
227
64 70784
227
64 70848
227
64 70912
227
64 70976
227
64 71040
227
64 71104
227
64 71168
227
64 71232
227
64 71296
227
64 71360
227
64 71424
227
64 71488
227
64 71552
227
64 71616
227
64 71680
227
64 71744
227
64 71808
227
64 71872
227
64 71936
227
64 72000
227
64 72064
227
64 72128
227
64 72192
227
64 72256
227
64 72320
227
64 72384
227
64 72448
227
64 72512
227
64 72576
227
64 72640
227
64 72704
227
64 72768
227
64 72832
227
64 72896
227
64 72960
227
64 73024
227
64 73088
227
64 73152
227
64 73216
227
64 73280
227
64 73344
227
64 73408
227
64 73472
227
64 73536
227
64 73600
227
64 73664
227
64 73728
227
64 73792
227
64 73856
227
64 73920
227
64 73984
227
64 74048
227
64 74112
227
64 74176
227
64 74240
227
64 74304
227
64 74368
227
64 74432
227
64 74496
227
64 74560
227
64 74624
227
64 74688
227
64 74752
227
64 74816
227
64 74880
227
64 74944
227
64 75008
227
64 75072
227
64 75136
227
64 75200
227
64 75264
227
64 75328
227
64 75392
227
64 75456
227
64 75520
227
64 75584
227
64 75648
227
64 75712
227
64 75776
227
64 75840
227
64 75904
227
64 75968
227
64 76032
227
64 76096
227
64 76160
227
bad_image ->  dataset/images/train_full/199522847.jpg
63 76224
227
64 76288
227
64 76352
227
64 76416
227
Corrupt JPEG data: 105 extraneous bytes before marker 0xd9
Corrupt JPEG data: 51 extraneous bytes before marker 0xd9
Corrupt JPEG data: 100 extraneous bytes before marker 0xd9
Corrupt JPEG data: 204 extraneous bytes before marker 0xd9
Corrupt JPEG data: 8 extraneous bytes before marker 0xd9
Corrupt JPEG data: 145 extraneous bytes before marker 0xd9
Corrupt JPEG data: premature end of data segment
Premature end of JPEG file
Corrupt JPEG data: premature end of data segment
Corrupt JPEG data: 6986 extraneous bytes before marker 0xd9
64 76480
227
64 76544
227
64 76608
227
64 76672
227
64 76736
227
64 76800
227
64 76864
227
64 76928
227
64 76992
227
64 77056
227
64 77120
227
64 77184
227
64 77248
227
64 77312
227
64 77376
227
64 77440
227
64 77504
227
64 77568
227
64 77632
227
64 77696
227
64 77760
227
64 77824
227
64 77888
227
64 77952
227
64 78016
227
64 78080
227
64 78144
227
64 78208
227
64 78272
227
64 78336
227
64 78400
227
64 78464
227
64 78528
227
64 78592
227
64 78656
227
64 78720
227
64 78784
227
64 78848
227
64 78912
227
64 78976
227
64 79040
227
64 79104
227
64 79168
227
64 79232
227
64 79296
227
64 79360
227
64 79424
227
64 79488
227
64 79552
227
64 79616
227
64 79680
227
64 79744
227
64 79808
227
64 79872
227
64 79936
227
64 80000
227
64 80064
227
64 80128
227
64 80192
227
64 80256
227
64 80320
227
bad_image ->  dataset/images/train_full/7962534458.jpg
63 80384
227
64 80448
227
64 80512
227
64 80576
227
64 80640
227
64 80704
227
64 80768
227
64 80832
227
64 80896
227
64 80960
227
64 81024
227
64 81088
227
64 81152
227
64 81216
227
64 81280
227
64 81344
227
bad_image ->  dataset/images/train_full/84698169.jpg
63 81408
227
64 81472
227
64 81536
227
64 81600
227
64 81664
227
64 81728
227
64 81792
227
64 81856
227
64 81920
227
64 81984
227
64 82048
227
64 82112
227
64 82176
227
64 82240
227
64 82304
227
64 82368
227
64 82432
227
64 82496
227
64 82560
227
64 82624
227
64 82688
227
64 82752
227
64 82816
227
64 82880
227
64 82944
227
64 83008
227
64 83072
227
64 83136
227
64 83200
227
64 83264
227
64 83328
227
64 83392
227
64 83456
227
64 83520
227
64 83584
227
64 83648
227
64 83712
227
64 83776
227
64 83840
227
64 83904
227
64 83968
227
64 84032
227
64 84096
227
64 84160
227
64 84224
227
64 84288
227
64 84352
227
64 84416
227
64 84480
227
64 84544
227
64 84608
227
64 84672
227
64 84736
227
64 84800
227
64 84864
227
64 84928
227
64 84992
227
64 85056
227
64 85120
227
64 85184
227
64 85248
227
64 85312
227
64 85376
227
64 85440
227
64 85504
227
64 85568
227
64 85632
227
64 85696
227
64 85760
227
64 85824
227
64 85888
227
64 85952
227
64 86016
227
64 86080
227
64 86144
227
64 86208
227
64 86272
227
64 86336
227
64 86400
227
64 86464
227
64 86528
227
64 86592
227
64 86656
227
64 86720
227
64 86784
227
64 86848
227
64 86912
227
64 86976
227
64 87040
227
64 87104
227
64 87168
227
64 87232
227
64 87296
227
64 87360
227
64 87424
227
64 87488
227
64 87552
227
64 87616
227
64 87680
227
64 87744
227
64 87808
227
64 87872
227
64 87936
227
64 88000
227
bad_image ->  dataset/images/train_full/5129988525.jpg
63 88064
227
64 88128
227
64 88192
227
64 88256
227
64 88320
227
64 88384
227
64 88448
227
64 88512
227
64 88576
227
64 88640
227
64 88704
227
64 88768
227
64 88832
227
64 88896
227
64 88960
227
64 89024
227
64 89088
227
64 89152
227
64 89216
227
64 89280
227
64 89344
227
64 89408
227
64 89472
227
64 89536
227
64 89600
227
64 89664
227
64 89728
227
64 89792
227
64 89856
227
64 89920
227
64 89984
227
64 90048
227
64 90112
227
64 90176
227
64 90240
227
64 90304
227
64 90368
227
64 90432
227
64 90496
227
64 90560
227
64 90624
227
64 90688
227
64 90752
227
64 90816
227
64 90880
227
64 90944
227
64 91008
227
64 91072
227
64 91136
227
64 91200
227
64 91264
227
64 91328
227
64 91392
227
64 91456
227
64 91520
227
64 91584
227
64 91648
227
64 91712
227
64 91776
227
64 91840
227
64 91904
227
64 91968
227
64 92032
227
64 92096
227
64 92160
227
64 92224
227
64 92288
227
64 92352
227
64 92416
227
64 92480
227
64 92544
227
64 92608
227
64 92672
227
64 92736
227
64 92800
227
64 92864
227
64 92928
227
64 92992
227
64 93056
227
64 93120
227
64 93184
227
64 93248
227
64 93312
227
64 93376
227
64 93440
227
64 93504
227
64 93568
227
64 93632
227
64 93696
227
bad_image ->  dataset/images/train_full/131445620.jpg
63 93760
227
64 93824
227
64 93888
227
64 93952
227
64 94016
227
64 94080
227
64 94144
227
64 94208
227
64 94272
227
64 94336
227
64 94400
227
64 94464
227
64 94528
227
64 94592
227
64 94656
227
64 94720
227
64 94784
227
64 94848
227
64 94912
227
64 94976
227
64 95040
227
64 95104
227
64 95168
227
64 95232
227
64 95296
227
64 95360
227
64 95424
227
64 95488
227
64 95552
227
bad_image ->  dataset/images/train_full/5690075909.jpg
63 95616
227
64 95680
227
64 95744
227
64 95808
227
64 95872
227
64 95936
227
64 96000
227
64 96064
227
64 96128
227
64 96192
227
64 96256
227
64 96320
227
64 96384
227
64 96448
227
64 96512
227
64 96576
227
64 96640
227
64 96704
227
64 96768
227
64 96832
227
64 96896
227
64 96960
227
64 97024
227
64 97088
227
64 97152
227
64 97216
227
64 97280
227
64 97344
227
64 97408
227
64 97472
227
64 97536
227
64 97600
227
64 97664
227
64 97728
227
64 97792
227
64 97856
227
64 97920
227
64 97984
227
64 98048
227
64 98112
227
64 98176
227
64 98240
227
64 98304
227
64 98368
227
64 98432
227
64 98496
227
64 98560
227
64 98624
227
64 98688
227
64 98752
227
64 98816
227
64 98880
227
64 98944
227
64 99008
227
64 99072
227
64 99136
227
64 99200
227
64 99264
227
64 99328
227
64 99392
227
64 99456
227
64 99520
227
64 99584
227
64 99648
227
64 99712
227
64 99776
227
64 99840
227
64 99904
227
64 99968
227
64 100032
227
64 100096
227
64 100160
227
64 100224
227
64 100288
227
64 100352
227
64 100416
227
64 100480
227
64 100544
227
64 100608
227
64 100672
227
64 100736
227
64 100800
227
64 100864
227
64 100928
227
64 100992
227
64 101056
227
64 101120
227
64 101184
227
64 101248
227
64 101312
227
64 101376
227
64 101440
227
64 101504
227
64 101568
227
64 101632
227
64 101696
227
64 101760
227
64 101824
227
64 101888
227
64 101952
227
64 102016
227
64 102080
227
64 102144
227
64 102208
227
64 102272
227
64 102336
227
64 102400
227
64 102464
227
64 102528
227
64 102592
227
64 102656
227
64 102720
227
64 102784
227
64 102848
227
64 102912
227
64 102976
227
64 103040
227
64 103104
227
64 103168
227
64 103232
227
64 103296
227
64 103360
227
64 103424
227
64 103488
227
64 103552
227
64 103616
227
64 103680
227
64 103744
227
64 103808
227
64 103872
227
64 103936
227
64 104000
227
64 104064
227
64 104128
227
64 104192
227
64 104256
227
64 104320
227
64 104384
227
64 104448
227
64 104512
227
64 104576
227
64 104640
227
64 104704
227
64 104768
227
64 104832
227
64 104896
227
64 104960
227
64 105024
227
64 105088
227
64 105152
227
64 105216
227
64 105280
227
64 105344
227
64 105408
227
64 105472
227
64 105536
227
64 105600
227
64 105664
227
64 105728
227
64 105792
227
64 105856
227
64 105920
227
64 105984
227
64 106048
227
64 106112
227
64 106176
227
64 106240
227
64 106304
227
64 106368
227
64 106432
227
64 106496
227
64 106560
227
64 106624
227
64 106688
227
64 106752
227
64 106816
227
64 106880
227
64 106944
227
64 107008
227
64 107072
227
64 107136
227
64 107200
227
64 107264
227
64 107328
227
64 107392
227
64 107456
227
64 107520
227
64 107584
227
64 107648
227
64 107712
227
64 107776
227
64 107840
227
64 107904
227
64 107968
227
64 108032
227
64 108096
227
64 108160
227
64 108224
227
64 108288
227
64 108352
227
64 108416
227
64 108480
227
64 108544
227
64 108608
227
64 108672
227
64 108736
227
64 108800
227
64 108864
227
64 108928
227
64 108992
227
64 109056
227
64 109120
227
64 109184
227
64 109248
227
64 109312
227
64 109376
227
64 109440
227
64 109504
227
64 109568
227
64 109632
227
64 109696
227
64 109760
227
64 109824
227
64 109888
227
64 109952
227
64 110016
227
64 110080
227
64 110144
227
64 110208
227
64 110272
227
64 110336
227
64 110400
227
64 110464
227
64 110528
227
64 110592
227
64 110656
227
64 110720
227
64 110784
227
64 110848
227
64 110912
227
64 110976
227
64 111040
227
64 111104
227
64 111168
227
64 111232
227
64 111296
227
64 111360
227
bad_image ->  dataset/images/train_full/7962536500.jpg
63 111424
227
64 111488
227
64 111552
227
64 111616
227
64 111680
227
64 111744
227
64 111808
227
64 111872
227
64 111936
227
64 112000
227
64 112064
227
64 112128
227
64 112192
227
bad_image ->  dataset/images/train_full/361254951.jpg
63 112256
227
64 112320
227
64 112384
227
64 112448
227
64 112512
227
64 112576
227
64 112640
227
64 112704
227
64 112768
227
bad_image ->  dataset/images/train_full/115869892.jpg
63 112832
227
64 112896
227
64 112960
227
64 113024
227
64 113088
227
64 113152
227
64 113216
227
64 113280
227
64 113344
227
64 113408
227
64 113472
227
64 113536
227
64 113600
227
Premature end of JPEG file
Corrupt JPEG data: 73 extraneous bytes before marker 0xd9
Premature end of JPEG file
Corrupt JPEG data: premature end of data segment
srun: Job step aborted: Waiting up to 32 seconds for job step to finish.
slurmstepd: error: *** JOB 32720327 ON gpu22 CANCELLED AT 2018-06-18T08:34:33 DUE TO TIME LIMIT ***
slurmstepd: error: *** STEP 32720327.0 ON gpu22 CANCELLED AT 2018-06-18T08:34:33 DUE TO TIME LIMIT ***
perl: warning: Setting locale failed.
perl: warning: Please check that your locale settings:
	LANGUAGE = (unset),
	LC_ALL = (unset),
	LC_CTYPE = "UTF-8",
	LANG = "en_GB.UTF-8"
    are supported and installed on your system.
perl: warning: Falling back to the standard locale ("C").
Job has already finished for job 32720327
