Wed 13 Jun 00:39:29 EEST 2018
2018-06-13 00:40:00.164259: I tensorflow/core/platform/cpu_feature_guard.cc:137] Your CPU supports instructions that this TensorFlow binary was not compiled to use: SSE4.1 SSE4.2 AVX AVX2 FMA
2018-06-13 00:40:00.436538: I tensorflow/core/common_runtime/gpu/gpu_device.cc:1030] Found device 0 with properties: 
name: Tesla P100-PCIE-16GB major: 6 minor: 0 memoryClockRate(GHz): 1.3285
pciBusID: 0000:03:00.0
totalMemory: 15.90GiB freeMemory: 15.61GiB
2018-06-13 00:40:00.655926: I tensorflow/core/common_runtime/gpu/gpu_device.cc:1030] Found device 1 with properties: 
name: Tesla P100-PCIE-16GB major: 6 minor: 0 memoryClockRate(GHz): 1.3285
pciBusID: 0000:04:00.0
totalMemory: 15.90GiB freeMemory: 15.61GiB
2018-06-13 00:40:00.657689: I tensorflow/core/common_runtime/gpu/gpu_device.cc:1045] Device peer to peer matrix
2018-06-13 00:40:00.657800: I tensorflow/core/common_runtime/gpu/gpu_device.cc:1051] DMA: 0 1 
2018-06-13 00:40:00.657876: I tensorflow/core/common_runtime/gpu/gpu_device.cc:1061] 0:   Y Y 
2018-06-13 00:40:00.657967: I tensorflow/core/common_runtime/gpu/gpu_device.cc:1061] 1:   Y Y 
2018-06-13 00:40:00.658064: I tensorflow/core/common_runtime/gpu/gpu_device.cc:1120] Creating TensorFlow device (/device:GPU:0) -> (device: 0, name: Tesla P100-PCIE-16GB, pci bus id: 0000:03:00.0, compute capability: 6.0)
2018-06-13 00:40:00.658148: I tensorflow/core/common_runtime/gpu/gpu_device.cc:1120] Creating TensorFlow device (/device:GPU:1) -> (device: 1, name: Tesla P100-PCIE-16GB, pci bus id: 0000:04:00.0, compute capability: 6.0)
OpenCV(3.4.1) Error: Assertion failed (scn == 3 || scn == 4) in cvtColor, file /io/opencv/modules/imgproc/src/color.cpp, line 11115
/scratch/cs/imagedb/picsom/databases/vist/conda_vist/lib/python3.6/importlib/_bootstrap.py:219: RuntimeWarning: compiletime version 3.5 of module 'tensorflow.python.framework.fast_tensor_util' does not match runtime version 3.6
  return f(*args, **kwds)
/scratch/cs/imagedb/picsom/databases/vist/conda_vist/lib/python3.6/site-packages/h5py/__init__.py:36: FutureWarning: Conversion of the second argument of issubdtype from `float` to `np.floating` is deprecated. In future, it will be treated as `np.float64 == np.dtype(float).type`.
  from ._conv import register_converters as _register_converters
len of result and result_0: 
64
227
len of result and result_0: 
64
227
len of result and result_0: 
64
227
len of result and result_0: 
64
227
len of result and result_0: 
64
227
len of result and result_0: 
64
227
len of result and result_0: 
64
227
len of result and result_0: 
64
227
len of result and result_0: 
64
227
len of result and result_0: 
64
227
len of result and result_0: 
64
227
len of result and result_0: 
64
227
len of result and result_0: 
64
227
len of result and result_0: 
64
227
len of result and result_0: 
64
227
len of result and result_0: 
64
227
len of result and result_0: 
64
227
len of result and result_0: 
64
227
len of result and result_0: 
64
227
len of result and result_0: 
64
227
len of result and result_0: 
64
227
len of result and result_0: 
64
227
len of result and result_0: 
64
227
len of result and result_0: 
64
227
len of result and result_0: 
64
227
len of result and result_0: 
64
227
len of result and result_0: 
64
227
len of result and result_0: 
64
227
len of result and result_0: 
64
227
len of result and result_0: 
64
227
len of result and result_0: 
64
227
len of result and result_0: 
64
227
len of result and result_0: 
64
227
len of result and result_0: 
64
227
len of result and result_0: 
64
227
Traceback (most recent call last):
  File "dataset/models/alexnet/myalexnet_forward_newtf.py", line 200, in <module>
    current_batch, batch_image_ids = image_reader.next_batch()
  File "data_reader/image_data_reader.py", line 41, in next_batch
    image = cv2.cvtColor(image, cv2.COLOR_RGB2BGR)
cv2.error: OpenCV(3.4.1) /io/opencv/modules/imgproc/src/color.cpp:11115: error: (-215) scn == 3 || scn == 4 in function cvtColor

srun: error: gpu27: task 0: Exited with exit code 1
srun: Terminating job step 32564643.0
extracted features of images using AlexNet
Wed 13 Jun 00:49:19 EEST 2018
