Thu 14 Jun 00:10:58 EEST 2018
2018-06-14 00:11:30.166040: I tensorflow/core/platform/cpu_feature_guard.cc:137] Your CPU supports instructions that this TensorFlow binary was not compiled to use: SSE4.1 SSE4.2 AVX AVX2 FMA
2018-06-14 00:11:30.485602: I tensorflow/core/common_runtime/gpu/gpu_device.cc:1030] Found device 0 with properties: 
name: Tesla P100-PCIE-16GB major: 6 minor: 0 memoryClockRate(GHz): 1.3285
pciBusID: 0000:03:00.0
totalMemory: 15.90GiB freeMemory: 15.61GiB
2018-06-14 00:11:30.724703: I tensorflow/core/common_runtime/gpu/gpu_device.cc:1030] Found device 1 with properties: 
name: Tesla P100-PCIE-16GB major: 6 minor: 0 memoryClockRate(GHz): 1.3285
pciBusID: 0000:04:00.0
totalMemory: 15.90GiB freeMemory: 15.61GiB
2018-06-14 00:11:30.940754: I tensorflow/core/common_runtime/gpu/gpu_device.cc:1030] Found device 2 with properties: 
name: Tesla P100-PCIE-16GB major: 6 minor: 0 memoryClockRate(GHz): 1.3285
pciBusID: 0000:83:00.0
totalMemory: 15.90GiB freeMemory: 15.61GiB
2018-06-14 00:11:30.942580: I tensorflow/core/common_runtime/gpu/gpu_device.cc:1045] Device peer to peer matrix
2018-06-14 00:11:30.942706: I tensorflow/core/common_runtime/gpu/gpu_device.cc:1051] DMA: 0 1 2 
2018-06-14 00:11:30.942784: I tensorflow/core/common_runtime/gpu/gpu_device.cc:1061] 0:   Y Y N 
2018-06-14 00:11:30.942862: I tensorflow/core/common_runtime/gpu/gpu_device.cc:1061] 1:   Y Y N 
2018-06-14 00:11:30.942949: I tensorflow/core/common_runtime/gpu/gpu_device.cc:1061] 2:   N N Y 
2018-06-14 00:11:30.943037: I tensorflow/core/common_runtime/gpu/gpu_device.cc:1120] Creating TensorFlow device (/device:GPU:0) -> (device: 0, name: Tesla P100-PCIE-16GB, pci bus id: 0000:03:00.0, compute capability: 6.0)
2018-06-14 00:11:30.943115: I tensorflow/core/common_runtime/gpu/gpu_device.cc:1120] Creating TensorFlow device (/device:GPU:1) -> (device: 1, name: Tesla P100-PCIE-16GB, pci bus id: 0000:04:00.0, compute capability: 6.0)
2018-06-14 00:11:30.943197: I tensorflow/core/common_runtime/gpu/gpu_device.cc:1120] Creating TensorFlow device (/device:GPU:2) -> (device: 2, name: Tesla P100-PCIE-16GB, pci bus id: 0000:83:00.0, compute capability: 6.0)
Corrupt JPEG data: 158 extraneous bytes before marker 0xd9
srun: Job step aborted: Waiting up to 32 seconds for job step to finish.
slurmstepd: error: *** JOB 32621770 ON gpu27 CANCELLED AT 2018-06-14T00:32:12 ***
slurmstepd: error: *** STEP 32621770.0 ON gpu27 CANCELLED AT 2018-06-14T00:32:12 ***
Job has already finished for job 32621770
